<?xml version="1.0" encoding="UTF-8"?>
<testsuite xmlns:xsi="http://www.w3.org/2001/XMLSchema-instance" xsi:noNamespaceSchemaLocation="https://maven.apache.org/surefire/maven-surefire-plugin/xsd/surefire-test-report-3.0.xsd" version="3.0" name="RunnerAll" time="59.139" tests="10" errors="0" skipped="0" failures="1">
  <properties>
[...]
</properties>
  <testcase name="Esqueci a senha #1" classname="Esqueci Senha" time="5.582">
    <system-out><![CDATA[
@web @senha
Scenario Outline: Esqueci a senha         &amp#27;[90m# src/test/java/features/EsqueceuSenhaRC.feature:15&amp#27;[0m
  &amp#27;[32mGiven &amp#27;[0m&amp#27;[32mestar na tela login&amp#27;[0m               &amp#27;[90m# EsqueceuSenha.EsqueceuSenhaRC.estar_na_tela_login()&amp#27;[0m
  &amp#27;[32mAnd &amp#27;[0m&amp#27;[32mclicar em &amp#27;[0m&amp#27;[32m&amp#27;[1m"Esqueceu a senha?"&amp#27;[0m       &amp#27;[90m# EsqueceuSenha.EsqueceuSenhaRC.clicar_em(java.lang.String)&amp#27;[0m
  &amp#27;[32mWhen &amp#27;[0m&amp#27;[32mabrir a tela para digitar email&amp#27;[0m    &amp#27;[90m# EsqueceuSenha.EsqueceuSenhaRC.abrir_a_tela_para_digitar_email()&amp#27;[0m
  &amp#27;[32mAnd &amp#27;[0m&amp#27;[32mdigitar o &amp#27;[0m&amp#27;[32m&amp#27;[1m"testesenha@gmail.com"&amp#27;[0m    &amp#27;[90m# EsqueceuSenha.EsqueceuSenhaRC.digitar_o(java.lang.String)&amp#27;[0m
  &amp#27;[32mAnd &amp#27;[0m&amp#27;[32mclicar no botao &amp#27;[0m&amp#27;[32m&amp#27;[1m"Esqueci a senha"&amp#27;[0m   &amp#27;[90m# EsqueceuSenha.EsqueceuSenhaRC.clicar_no_botao(java.lang.String)&amp#27;[0m
  &amp#27;[32mThen &amp#27;[0m&amp#27;[32mmostrara a &amp#27;[0m&amp#27;[32m&amp#27;[1m"Verifique o seu email"&amp#27;[0m &amp#27;[90m# EsqueceuSenha.EsqueceuSenhaRC.mostrara_a(java.lang.String)&amp#27;[0m
]]></system-out>
    <system-err><![CDATA[jun 20, 2023 12:35:47 PM org.openqa.selenium.remote.service.DriverService$Builder getLogOutput
INFO: Driver logs no longer sent to console by default; https://www.selenium.dev/documentation/webdriver/drivers/service/#setting-log-output
SLF4J: Failed to load class "org.slf4j.impl.StaticLoggerBinder".
SLF4J: Defaulting to no-operation (NOP) logger implementation
SLF4J: See http://www.slf4j.org/codes.html#StaticLoggerBinder for further details.
]]></system-err>
  </testcase>
  <testcase name="Esqueci a senha #2" classname="Esqueci Senha" time="4.56">
    <system-out><![CDATA[
@web @senha
Scenario Outline: Esqueci a senha       &amp#27;[90m# src/test/java/features/EsqueceuSenhaRC.feature:16&amp#27;[0m
  &amp#27;[32mGiven &amp#27;[0m&amp#27;[32mestar na tela login&amp#27;[0m             &amp#27;[90m# EsqueceuSenha.EsqueceuSenhaRC.estar_na_tela_login()&amp#27;[0m
  &amp#27;[32mAnd &amp#27;[0m&amp#27;[32mclicar em &amp#27;[0m&amp#27;[32m&amp#27;[1m"Esqueceu a senha?"&amp#27;[0m     &amp#27;[90m# EsqueceuSenha.EsqueceuSenhaRC.clicar_em(java.lang.String)&amp#27;[0m
  &amp#27;[32mWhen &amp#27;[0m&amp#27;[32mabrir a tela para digitar email&amp#27;[0m  &amp#27;[90m# EsqueceuSenha.EsqueceuSenhaRC.abrir_a_tela_para_digitar_email()&amp#27;[0m
  &amp#27;[32mAnd &amp#27;[0m&amp#27;[32mdigitar o &amp#27;[0m&amp#27;[32m&amp#27;[1m"teste@gmail.com"&amp#27;[0m       &amp#27;[90m# EsqueceuSenha.EsqueceuSenhaRC.digitar_o(java.lang.String)&amp#27;[0m
  &amp#27;[32mAnd &amp#27;[0m&amp#27;[32mclicar no botao &amp#27;[0m&amp#27;[32m&amp#27;[1m"Esqueci a senha"&amp#27;[0m &amp#27;[90m# EsqueceuSenha.EsqueceuSenhaRC.clicar_no_botao(java.lang.String)&amp#27;[0m
  &amp#27;[32mThen &amp#27;[0m&amp#27;[32mmostrara a &amp#27;[0m&amp#27;[32m&amp#27;[1m"Email invÃ¡lido"&amp#27;[0m      &amp#27;[90m# EsqueceuSenha.EsqueceuSenhaRC.mostrara_a(java.lang.String)&amp#27;[0m
]]></system-out>
    <system-err><![CDATA[jun 20, 2023 12:35:53 PM org.openqa.selenium.remote.service.DriverService$Builder getLogOutput
INFO: Driver logs no longer sent to console by default; https://www.selenium.dev/documentation/webdriver/drivers/service/#setting-log-output
]]></system-err>
  </testcase>
  <testcase name="Campo email vazio" classname="Esqueci Senha vazio" time="3.253">
    <failure message="expected:&lt;...1.232.138:3000/auth/[forgot]&gt; but was:&lt;...1.232.138:3000/auth/[login]&gt;" type="org.junit.ComparisonFailure"><![CDATA[org.junit.ComparisonFailure: expected:<...1.232.138:3000/auth/[forgot]> but was:<...1.232.138:3000/auth/[login]>
]]></failure>
    <system-out><![CDATA[
@web @senha @vazio
Scenario Outline: Campo email vazio            &amp#27;[90m# src/test/java/features/EsqueceuSenhaVazio.feature:15&amp#27;[0m
  &amp#27;[32mGiven &amp#27;[0m&amp#27;[32mestar no login&amp#27;[0m                         &amp#27;[90m# EsqueceuSenha.EsqueceuSenhaVazioRC.estar_no_login()&amp#27;[0m
  &amp#27;[32mAnd &amp#27;[0m&amp#27;[32mclicar no &amp#27;[0m&amp#27;[32m&amp#27;[1m"Esqueceu a senha?"&amp#27;[0m            &amp#27;[90m# EsqueceuSenha.EsqueceuSenhaVazioRC.clicar_no(java.lang.String)&amp#27;[0m
  &amp#27;[31mWhen &amp#27;[0m&amp#27;[31mabrir a tela para inserir email&amp#27;[0m         &amp#27;[90m# EsqueceuSenha.EsqueceuSenhaVazioRC.abrir_a_tela_para_inserir_email()&amp#27;[0m
      &amp#27;[31morg.junit.ComparisonFailure: expected:<...1.232.138:3000/auth/[forgot]> but was:<...1.232.138:3000/auth/[login]>
	at org.junit.Assert.assertEquals(Assert.java:117)
	at org.junit.Assert.assertEquals(Assert.java:146)
	at EsqueceuSenha.EsqueceuSenhaVazioRC.abrir_a_tela_para_inserir_email(EsqueceuSenhaVazioRC.java:41)
	at âœ½.abrir a tela para inserir email(file:///D:/eclipse-workspace/RenalCare/src/test/java/features/EsqueceuSenhaVazio.feature:9)
&amp#27;[0m
  &amp#27;[36mAnd &amp#27;[0m&amp#27;[36mdigitar &amp#27;[0m&amp#27;[36m&amp#27;[1m""&amp#27;[0m                               &amp#27;[90m# EsqueceuSenha.EsqueceuSenhaVazioRC.digitar(java.lang.String)&amp#27;[0m
  &amp#27;[36mThen &amp#27;[0m&amp#27;[36mmostrara &amp#27;[0m&amp#27;[36m&amp#27;[1m"O campo E-mail Ã© obrigatÃ³rio"&amp#27;[0m &amp#27;[90m# EsqueceuSenha.EsqueceuSenhaVazioRC.mostrara(java.lang.String)&amp#27;[0m
]]></system-out>
    <system-err><![CDATA[jun 20, 2023 12:35:57 PM org.openqa.selenium.remote.service.DriverService$Builder getLogOutput
INFO: Driver logs no longer sent to console by default; https://www.selenium.dev/documentation/webdriver/drivers/service/#setting-log-output
]]></system-err>
  </testcase>
  <testcase name=": E-mail e/ou senha invalidos #1" classname="Login e/ou senha invalido" time="4.704">
    <system-out><![CDATA[
@web @login @invalido
Scenario Outline: : E-mail e/ou senha invalidos &amp#27;[90m# src/test/java/features/LoginInvalidoRC.feature:15&amp#27;[0m
  &amp#27;[32mGiven &amp#27;[0m&amp#27;[32mestar na tela de login RC&amp#27;[0m               &amp#27;[90m# logins.LoginInvalidoRC.estar_na_tela_de_login_rc()&amp#27;[0m
  &amp#27;[32mWhen &amp#27;[0m&amp#27;[32minserir e-mail &amp#27;[0m&amp#27;[32m&amp#27;[1m"lucasycosta@gmail.com"&amp#27;[0m   &amp#27;[90m# logins.LoginInvalidoRC.inserir_e_mail(java.lang.String)&amp#27;[0m
  &amp#27;[32mAnd &amp#27;[0m&amp#27;[32minserir senha &amp#27;[0m&amp#27;[32m&amp#27;[1m"895151"&amp#27;[0m                    &amp#27;[90m# logins.LoginInvalidoRC.inserir_senha(java.lang.String)&amp#27;[0m
  &amp#27;[32mAnd &amp#27;[0m&amp#27;[32mclique em â€œEntrarâ€�&amp#27;[0m                        &amp#27;[90m# logins.LoginInvalidoRC.clique_em_entrar()&amp#27;[0m
  &amp#27;[32mThen &amp#27;[0m&amp#27;[32mapresenta &amp#27;[0m&amp#27;[32m&amp#27;[1m"Login e/ou senha invÃ¡lido(s)"&amp#27;[0m &amp#27;[90m# logins.LoginInvalidoRC.apresenta(java.lang.String)&amp#27;[0m
]]></system-out>
    <system-err><![CDATA[jun 20, 2023 12:36:00 PM org.openqa.selenium.remote.service.DriverService$Builder getLogOutput
INFO: Driver logs no longer sent to console by default; https://www.selenium.dev/documentation/webdriver/drivers/service/#setting-log-output
]]></system-err>
  </testcase>
  <testcase name=": E-mail e/ou senha invalidos #2" classname="Login e/ou senha invalido" time="8.383">
    <system-out><![CDATA[
@web @login @invalido
Scenario Outline: : E-mail e/ou senha invalidos &amp#27;[90m# src/test/java/features/LoginInvalidoRC.feature:16&amp#27;[0m
  &amp#27;[32mGiven &amp#27;[0m&amp#27;[32mestar na tela de login RC&amp#27;[0m               &amp#27;[90m# logins.LoginInvalidoRC.estar_na_tela_de_login_rc()&amp#27;[0m
  &amp#27;[32mWhen &amp#27;[0m&amp#27;[32minserir e-mail &amp#27;[0m&amp#27;[32m&amp#27;[1m"teste@gmail.com"&amp#27;[0m         &amp#27;[90m# logins.LoginInvalidoRC.inserir_e_mail(java.lang.String)&amp#27;[0m
  &amp#27;[32mAnd &amp#27;[0m&amp#27;[32minserir senha &amp#27;[0m&amp#27;[32m&amp#27;[1m"782166"&amp#27;[0m                    &amp#27;[90m# logins.LoginInvalidoRC.inserir_senha(java.lang.String)&amp#27;[0m
  &amp#27;[32mAnd &amp#27;[0m&amp#27;[32mclique em â€œEntrarâ€�&amp#27;[0m                        &amp#27;[90m# logins.LoginInvalidoRC.clique_em_entrar()&amp#27;[0m
  &amp#27;[32mThen &amp#27;[0m&amp#27;[32mapresenta &amp#27;[0m&amp#27;[32m&amp#27;[1m"Login e/ou senha invÃ¡lido(s)"&amp#27;[0m &amp#27;[90m# logins.LoginInvalidoRC.apresenta(java.lang.String)&amp#27;[0m
]]></system-out>
    <system-err><![CDATA[jun 20, 2023 12:36:05 PM org.openqa.selenium.remote.service.DriverService$Builder getLogOutput
INFO: Driver logs no longer sent to console by default; https://www.selenium.dev/documentation/webdriver/drivers/service/#setting-log-output
]]></system-err>
  </testcase>
  <testcase name=": E-mail e/ou senha invalidos #3" classname="Login e/ou senha invalido" time="6.386">
    <system-out><![CDATA[
@web @login @invalido
Scenario Outline: : E-mail e/ou senha invalidos &amp#27;[90m# src/test/java/features/LoginInvalidoRC.feature:17&amp#27;[0m
  &amp#27;[32mGiven &amp#27;[0m&amp#27;[32mestar na tela de login RC&amp#27;[0m               &amp#27;[90m# logins.LoginInvalidoRC.estar_na_tela_de_login_rc()&amp#27;[0m
  &amp#27;[32mWhen &amp#27;[0m&amp#27;[32minserir e-mail &amp#27;[0m&amp#27;[32m&amp#27;[1m"teste@gmail.com"&amp#27;[0m         &amp#27;[90m# logins.LoginInvalidoRC.inserir_e_mail(java.lang.String)&amp#27;[0m
  &amp#27;[32mAnd &amp#27;[0m&amp#27;[32minserir senha &amp#27;[0m&amp#27;[32m&amp#27;[1m"123456"&amp#27;[0m                    &amp#27;[90m# logins.LoginInvalidoRC.inserir_senha(java.lang.String)&amp#27;[0m
  &amp#27;[32mAnd &amp#27;[0m&amp#27;[32mclique em â€œEntrarâ€�&amp#27;[0m                        &amp#27;[90m# logins.LoginInvalidoRC.clique_em_entrar()&amp#27;[0m
  &amp#27;[32mThen &amp#27;[0m&amp#27;[32mapresenta &amp#27;[0m&amp#27;[32m&amp#27;[1m"Login e/ou senha invÃ¡lido(s)"&amp#27;[0m &amp#27;[90m# logins.LoginInvalidoRC.apresenta(java.lang.String)&amp#27;[0m
]]></system-out>
    <system-err><![CDATA[jun 20, 2023 12:36:14 PM org.openqa.selenium.remote.service.DriverService$Builder getLogOutput
INFO: Driver logs no longer sent to console by default; https://www.selenium.dev/documentation/webdriver/drivers/service/#setting-log-output
]]></system-err>
  </testcase>
  <testcase name="E-mail e senha válidos" classname="Login" time="8.098">
    <system-out><![CDATA[
@web @login @valido
Scenario Outline: E-mail e senha vÃ¡lidos        &amp#27;[90m# src/test/java/features/LoginRC.feature:15&amp#27;[0m
  &amp#27;[32mGiven &amp#27;[0m&amp#27;[32mestar na tela de login&amp#27;[0m                  &amp#27;[90m# logins.LoginRC.estar_na_tela_de_login()&amp#27;[0m
  &amp#27;[32mWhen &amp#27;[0m&amp#27;[32minserir o e-mail &amp#27;[0m&amp#27;[32m&amp#27;[1m"lucasycosta@gmail.com"&amp#27;[0m &amp#27;[90m# logins.LoginRC.inserir_o_e_mail(java.lang.String)&amp#27;[0m
  &amp#27;[32mAnd &amp#27;[0m&amp#27;[32minserir a senha &amp#27;[0m&amp#27;[32m&amp#27;[1m"123456"&amp#27;[0m                  &amp#27;[90m# logins.LoginRC.inserir_a_senha(java.lang.String)&amp#27;[0m
  &amp#27;[32mAnd &amp#27;[0m&amp#27;[32mclicar no botÃ£o â€œEntrarâ€�&amp#27;[0m                  &amp#27;[90m# logins.LoginRC.clicar_no_botÃ£o_entrar()&amp#27;[0m
  &amp#27;[32mThen &amp#27;[0m&amp#27;[32mabrira a pÃ¡gina inicial&amp#27;[0m                  &amp#27;[90m# logins.LoginRC.abrira_a_pÃ¡gina_inicial()&amp#27;[0m
]]></system-out>
    <system-err><![CDATA[jun 20, 2023 12:36:20 PM org.openqa.selenium.remote.service.DriverService$Builder getLogOutput
INFO: Driver logs no longer sent to console by default; https://www.selenium.dev/documentation/webdriver/drivers/service/#setting-log-output
]]></system-err>
  </testcase>
  <testcase name=": E-mail e/ou senha vazios ou invalidos #1" classname="Login invalido" time="4.993">
    <system-out><![CDATA[
@web @login @vazio
Scenario Outline: : E-mail e/ou senha vazios ou invalidos &amp#27;[90m# src/test/java/features/LoginVazioRC.feature:15&amp#27;[0m
  &amp#27;[32mGiven &amp#27;[0m&amp#27;[32mestar na tela de login do RC&amp#27;[0m                      &amp#27;[90m# logins.LoginVazioRC.estar_na_tela_de_login_do_rc()&amp#27;[0m
  &amp#27;[32mWhen &amp#27;[0m&amp#27;[32minserir um e-mail &amp#27;[0m&amp#27;[32m&amp#27;[1m""&amp#27;[0m                               &amp#27;[90m# logins.LoginVazioRC.inserir_um_e_mail(java.lang.String)&amp#27;[0m
  &amp#27;[32mAnd &amp#27;[0m&amp#27;[32minserir uma senha &amp#27;[0m&amp#27;[32m&amp#27;[1m"123456"&amp#27;[0m                          &amp#27;[90m# logins.LoginVazioRC.inserir_uma_senha(java.lang.String)&amp#27;[0m
  &amp#27;[32mThen &amp#27;[0m&amp#27;[32mapresenta a mensagem &amp#27;[0m&amp#27;[32m&amp#27;[1m"O campo Email Ã© obrigatÃ³rio"&amp#27;[0m &amp#27;[90m# logins.LoginVazioRC.apresenta_a_mensagem(java.lang.String)&amp#27;[0m
]]></system-out>
    <system-err><![CDATA[jun 20, 2023 12:36:28 PM org.openqa.selenium.remote.service.DriverService$Builder getLogOutput
INFO: Driver logs no longer sent to console by default; https://www.selenium.dev/documentation/webdriver/drivers/service/#setting-log-output
]]></system-err>
  </testcase>
  <testcase name=": E-mail e/ou senha vazios ou invalidos #2" classname="Login invalido" time="6.461">
    <system-out><![CDATA[
@web @login @vazio
Scenario Outline: : E-mail e/ou senha vazios ou invalidos &amp#27;[90m# src/test/java/features/LoginVazioRC.feature:16&amp#27;[0m
  &amp#27;[32mGiven &amp#27;[0m&amp#27;[32mestar na tela de login do RC&amp#27;[0m                      &amp#27;[90m# logins.LoginVazioRC.estar_na_tela_de_login_do_rc()&amp#27;[0m
  &amp#27;[32mWhen &amp#27;[0m&amp#27;[32minserir um e-mail &amp#27;[0m&amp#27;[32m&amp#27;[1m"raonikg@gmail.com"&amp#27;[0m              &amp#27;[90m# logins.LoginVazioRC.inserir_um_e_mail(java.lang.String)&amp#27;[0m
  &amp#27;[32mAnd &amp#27;[0m&amp#27;[32minserir uma senha &amp#27;[0m&amp#27;[32m&amp#27;[1m""&amp#27;[0m                                &amp#27;[90m# logins.LoginVazioRC.inserir_uma_senha(java.lang.String)&amp#27;[0m
  &amp#27;[32mThen &amp#27;[0m&amp#27;[32mapresenta a mensagem &amp#27;[0m&amp#27;[32m&amp#27;[1m"O campo Senha Ã© obrigatÃ³rio"&amp#27;[0m &amp#27;[90m# logins.LoginVazioRC.apresenta_a_mensagem(java.lang.String)&amp#27;[0m
]]></system-out>
    <system-err><![CDATA[jun 20, 2023 12:36:33 PM org.openqa.selenium.remote.service.DriverService$Builder getLogOutput
INFO: Driver logs no longer sent to console by default; https://www.selenium.dev/documentation/webdriver/drivers/service/#setting-log-output
]]></system-err>
  </testcase>
  <testcase name=": E-mail e/ou senha vazios ou invalidos #3" classname="Login invalido" time="6.127">
    <system-out><![CDATA[
@web @login @vazio
Scenario Outline: : E-mail e/ou senha vazios ou invalidos            &amp#27;[90m# src/test/java/features/LoginVazioRC.feature:17&amp#27;[0m
  &amp#27;[32mGiven &amp#27;[0m&amp#27;[32mestar na tela de login do RC&amp#27;[0m                                 &amp#27;[90m# logins.LoginVazioRC.estar_na_tela_de_login_do_rc()&amp#27;[0m
  &amp#27;[32mWhen &amp#27;[0m&amp#27;[32minserir um e-mail &amp#27;[0m&amp#27;[32m&amp#27;[1m"teste.com"&amp#27;[0m                                 &amp#27;[90m# logins.LoginVazioRC.inserir_um_e_mail(java.lang.String)&amp#27;[0m
  &amp#27;[32mAnd &amp#27;[0m&amp#27;[32minserir uma senha &amp#27;[0m&amp#27;[32m&amp#27;[1m"123456"&amp#27;[0m                                     &amp#27;[90m# logins.LoginVazioRC.inserir_uma_senha(java.lang.String)&amp#27;[0m
  &amp#27;[32mThen &amp#27;[0m&amp#27;[32mapresenta a mensagem &amp#27;[0m&amp#27;[32m&amp#27;[1m"O campo Email deve ser um email vÃ¡lido"&amp#27;[0m &amp#27;[90m# logins.LoginVazioRC.apresenta_a_mensagem(java.lang.String)&amp#27;[0m
]]></system-out>
    <system-err><![CDATA[jun 20, 2023 12:36:39 PM org.openqa.selenium.remote.service.DriverService$Builder getLogOutput
INFO: Driver logs no longer sent to console by default; https://www.selenium.dev/documentation/webdriver/drivers/service/#setting-log-output
]]></system-err>
  </testcase>
</testsuite>